<?xml version="1.0" encoding="UTF-8"?>
<!-- Generated by org.testng.reporters.JUnitReportReporter -->
<testsuite hostname="DESKTOP-6ESH65I" failures="1" tests="16" name="nhom2.test.cong.SanPhamThemTest" time="3.239" errors="0" timestamp="2023-12-01T20:39:32 ICT" skipped="0">
  <testcase classname="nhom2.test.cong.SanPhamThemTest" name="testThemSanPhamThieuDuLieu" time="0.442"/>
  <system-out/>
  <testcase classname="nhom2.test.cong.SanPhamThemTest" name="testThemSanPhamThieuDuLieu" time="0.046"/>
  <system-out/>
  <testcase classname="nhom2.test.cong.SanPhamThemTest" name="testThemSanPhamThieuDuLieu" time="0.044"/>
  <system-out/>
  <testcase classname="nhom2.test.cong.SanPhamThemTest" name="testThemSanPhamThieuDuLieu" time="0.044"/>
  <system-out/>
  <testcase classname="nhom2.test.cong.SanPhamThemTest" name="testThemSanPhamThieuDuLieu" time="0.146"/>
  <system-out/>
  <testcase classname="nhom2.test.cong.SanPhamThemTest" name="testThemSanPhamThieuDuLieu" time="0.034"/>
  <system-out/>
  <testcase classname="nhom2.test.cong.SanPhamThemTest" name="testThemSanPhamThieuDuLieu" time="0.180"/>
  <system-out/>
  <testcase classname="nhom2.test.cong.SanPhamThemTest" name="testThemSanPhamThieuDuLieu" time="0.136"/>
  <system-out/>
  <testcase classname="nhom2.test.cong.SanPhamThemTest" name="testThemSanPhamThieuDuLieu" time="0.051"/>
  <system-out/>
  <testcase classname="nhom2.test.cong.SanPhamThemTest" name="testThemSanPhamThieuDuLieu" time="0.058"/>
  <system-out/>
  <testcase classname="nhom2.test.cong.SanPhamThemTest" name="testThemSanPhamThieuDuLieu" time="0.066"/>
  <system-out/>
  <testcase classname="nhom2.test.cong.SanPhamThemTest" name="testThemSanPhamThieuDuLieu" time="0.067"/>
  <system-out/>
  <testcase classname="nhom2.test.cong.SanPhamThemTest" name="testThemSanPhamThieuDuLieu" time="0.520"/>
  <system-out/>
  <testcase classname="nhom2.test.cong.SanPhamThemTest" name="testThemSanPhamThieuDuLieu" time="0.040"/>
  <system-out/>
  <testcase classname="nhom2.test.cong.SanPhamThemTest" name="testThemSanPhamThieuDuLieu" time="0.070"/>
  <system-out/>
  <testcase classname="nhom2.test.cong.SanPhamThemTest" name="testThemSanPham" time="1.295">
    <failure message="expected:&lt;Th[ành công]&gt; but was:&lt;Th[ất bại]&gt;" type="org.junit.ComparisonFailure">
      <![CDATA[org.junit.ComparisonFailure: expected:<Th[ành công]> but was:<Th[ất bại]>
at org.junit.Assert.assertEquals(Assert.java:117)
at org.junit.Assert.assertEquals(Assert.java:146)
at nhom2.test.cong.SanPhamThemTest.testThemSanPham(SanPhamThemTest.java:53)
at java.base/jdk.internal.reflect.DirectMethodHandleAccessor.invoke(DirectMethodHandleAccessor.java:104)
at java.base/java.lang.reflect.Method.invoke(Method.java:577)
at org.testng.internal.MethodInvocationHelper.invokeMethod(MethodInvocationHelper.java:133)
at org.testng.internal.TestInvoker.invokeMethod(TestInvoker.java:598)
at org.testng.internal.TestInvoker.invokeTestMethod(TestInvoker.java:173)
at org.testng.internal.MethodRunner.runInSequence(MethodRunner.java:46)
at org.testng.internal.TestInvoker$MethodInvocationAgent.invoke(TestInvoker.java:824)
at org.testng.internal.TestInvoker.invokeTestMethods(TestInvoker.java:146)
at org.testng.internal.TestMethodWorker.invokeTestMethods(TestMethodWorker.java:146)
at org.testng.internal.TestMethodWorker.run(TestMethodWorker.java:128)
at java.base/java.util.ArrayList.forEach(ArrayList.java:1511)
at org.testng.TestRunner.privateRun(TestRunner.java:794)
at org.testng.TestRunner.run(TestRunner.java:596)
at org.testng.SuiteRunner.runTest(SuiteRunner.java:377)
at org.testng.SuiteRunner.runSequentially(SuiteRunner.java:371)
at org.testng.SuiteRunner.privateRun(SuiteRunner.java:332)
at org.testng.SuiteRunner.run(SuiteRunner.java:276)
at org.testng.SuiteRunnerWorker.runSuite(SuiteRunnerWorker.java:53)
at org.testng.SuiteRunnerWorker.run(SuiteRunnerWorker.java:96)
at org.testng.TestNG.runSuitesSequentially(TestNG.java:1212)
at org.testng.TestNG.runSuitesLocally(TestNG.java:1134)
at org.testng.TestNG.runSuites(TestNG.java:1063)
at org.testng.TestNG.run(TestNG.java:1031)
at org.testng.remote.AbstractRemoteTestNG.run(AbstractRemoteTestNG.java:115)
at org.testng.remote.RemoteTestNG.initAndRun(RemoteTestNG.java:251)
at org.testng.remote.RemoteTestNG.main(RemoteTestNG.java:77)
]]>
    </failure>
  </testcase> <!-- testThemSanPham -->
  <system-out/>
</testsuite> <!-- nhom2.test.cong.SanPhamThemTest -->
