<?xml version="1.0" encoding="UTF-8"?>
<!-- Generated by org.testng.reporters.JUnitReportReporter -->
<testsuite hostname="DESKTOP-6ESH65I" failures="0" tests="1" name="nhom2.test.cong.SanPhamTestThemNG" time="9.922" errors="0" timestamp="2023-12-01T21:02:49 ICT" skipped="0">
  <testcase classname="nhom2.test.cong.SanPhamTestThemNG" name="them" time="9.922"/>
  <system-out/>
</testsuite> <!-- nhom2.test.cong.SanPhamTestThemNG -->
