<?xml version="1.0" encoding="UTF-8"?>
<!-- Generated by org.testng.reporters.JUnitReportReporter -->
<testsuite hostname="DESKTOP-6ESH65I" failures="0" tests="6" name="nhom2.test.ap.ApLoginTest" time="61.739" errors="0" timestamp="2023-12-06T16:25:44 ICT" skipped="0">
  <testcase classname="nhom2.test.ap.ApLoginTest" name="login" time="8.108"/>
  <system-out/>
  <testcase classname="nhom2.test.ap.ApLoginTest" name="login" time="15.590"/>
  <system-out/>
  <testcase classname="nhom2.test.ap.ApLoginTest" name="login" time="10.254"/>
  <system-out/>
  <testcase classname="nhom2.test.ap.ApLoginTest" name="login" time="12.130"/>
  <system-out/>
  <testcase classname="nhom2.test.ap.ApLoginTest" name="login" time="7.330"/>
  <system-out/>
  <testcase classname="nhom2.test.ap.ApLoginTest" name="login" time="8.327"/>
  <system-out/>
</testsuite> <!-- nhom2.test.ap.ApLoginTest -->
