<?xml version="1.0" encoding="UTF-8"?>
<!-- Generated by org.testng.reporters.JUnitReportReporter -->
<testsuite hostname="DESKTOP-6ESH65I" failures="0" tests="1" name="nhom2.test.cong.SanPhamXoa" time="1.412" errors="0" timestamp="2023-12-02T18:27:49 ICT" skipped="0">
  <testcase classname="nhom2.test.cong.SanPhamXoa" name="xoaSanPham" time="1.412"/>
  <system-out/>
</testsuite> <!-- nhom2.test.cong.SanPhamXoa -->
