<?xml version="1.0" encoding="UTF-8"?>
<!-- Generated by org.testng.reporters.JUnitReportReporter -->
<testsuite hostname="MSI" failures="0" tests="1" name="nhom2.test.cong.SanPhamXoa" time="0.761" errors="0" timestamp="2023-12-08T11:21:55 ICT" skipped="0">
  <testcase classname="nhom2.test.cong.SanPhamXoa" name="xoaSanPham" time="0.761"/>
  <system-out/>
</testsuite> <!-- nhom2.test.cong.SanPhamXoa -->
